Removed Pin From Net: NetName=+3.3 Pin=H1-2
Removed Pin From Net: NetName=+3.3 Pin=H1-3
Removed Pin From Net: NetName=COL_SH_CP Pin=H1-4
Removed Pin From Net: NetName=COL_ST_CP Pin=H1-5
Removed Pin From Net: NetName=COL_DS Pin=H1-6
Removed Pin From Net: NetName=COL_OE Pin=H1-7
Removed Pin From Net: NetName=GPIO15 Pin=H1-8
Removed Pin From Net: NetName=GPIO16 Pin=H1-9
Removed Pin From Net: NetName=GPIO17 Pin=H1-10
Removed Pin From Net: NetName=GPIO18 Pin=H1-11
Removed Pin From Net: NetName=GPIO8 Pin=H1-12
Removed Pin From Net: NetName=GPIO19 Pin=H1-13
Removed Pin From Net: NetName=GPIO20 Pin=H1-14
Removed Pin From Net: NetName=GND Pin=H1-15
Removed Pin From Net: NetName=GND Pin=H1-16
Removed Pin From Net: NetName=+3.3 Pin=H2-1
Removed Pin From Net: NetName=+3.3 Pin=H2-2
Removed Pin From Net: NetName=GPIO1 Pin=H2-3
Removed Pin From Net: NetName=GPIO2 Pin=H2-4
Removed Pin From Net: NetName=UPDI_TX Pin=H2-5
Removed Pin From Net: NetName=UPDI_RX Pin=H2-6
Removed Pin From Net: NetName=GPIO42 Pin=H2-7
Removed Pin From Net: NetName=GPIO41 Pin=H2-8
Removed Pin From Net: NetName=GPIO40 Pin=H2-9
Removed Pin From Net: NetName=GPIO39 Pin=H2-10
Removed Pin From Net: NetName=GPIO38 Pin=H2-11
Removed Pin From Net: NetName=GPIO37 Pin=H2-12
Removed Pin From Net: NetName=GPIO36 Pin=H2-13
Removed Pin From Net: NetName=GPIO35 Pin=H2-14
Removed Pin From Net: NetName=GND Pin=H2-15
Removed Pin From Net: NetName=GND Pin=H2-16
Removed Pin From Net: NetName=+3.3 Pin=H3-1
Removed Pin From Net: NetName=+3.3 Pin=H3-2
Removed Pin From Net: NetName=GPIO3 Pin=H3-3
Removed Pin From Net: NetName=GPIO46 Pin=H3-4
Removed Pin From Net: NetName=GPIO9 Pin=H3-5
Removed Pin From Net: NetName=GPIO10 Pin=H3-6
Removed Pin From Net: NetName=GPIO11 Pin=H3-7
Removed Pin From Net: NetName=GPIO12 Pin=H3-8
Removed Pin From Net: NetName=GPIO13 Pin=H3-9
Removed Pin From Net: NetName=GPIO14 Pin=H3-10
Removed Pin From Net: NetName=GPIO21 Pin=H3-11
Removed Pin From Net: NetName=GPIO47 Pin=H3-12
Removed Pin From Net: NetName=GPIO48 Pin=H3-13
Removed Pin From Net: NetName=GPIO45 Pin=H3-14
Removed Pin From Net: NetName=GND Pin=H3-15
Removed Pin From Net: NetName=GND Pin=H3-16
Change Component Footprint: Designator=H6 Old Footprint=Header_1X8 New Footprint=Header_1X4
Change Component Comment : Designator=H6 Old Comment=Header New Comment=4-Pin Header
Change component parameters: Designator = "H6" ("H6"); Footprint = "Header_1X8"; UniqueID = "\RJHSTCLW" ("\RJHSTCLW")
Added Component: Designator=H7(Header_1X4)
Added Pin To Net: NetName=COL_SH_CP Pin=H1-2
Added Pin To Net: NetName=COL_ST_CP Pin=H1-3
Added Pin To Net: NetName=COL_DS Pin=H1-4
Added Pin To Net: NetName=COL_OE Pin=H1-5
Added Pin To Net: NetName=GPIO15 Pin=H1-6
Added Pin To Net: NetName=GPIO16 Pin=H1-7
Added Pin To Net: NetName=GPIO17 Pin=H1-8
Added Pin To Net: NetName=GPIO18 Pin=H1-9
Added Pin To Net: NetName=GPIO8 Pin=H1-10
Added Pin To Net: NetName=GPIO19 Pin=H1-11
Added Pin To Net: NetName=GPIO20 Pin=H1-12
Added Pin To Net: NetName=GPIO1 Pin=H2-1
Added Pin To Net: NetName=GPIO2 Pin=H2-2
Added Pin To Net: NetName=UPDI_TX Pin=H2-3
Added Pin To Net: NetName=UPDI_RX Pin=H2-4
Added Pin To Net: NetName=GPIO42 Pin=H2-5
Added Pin To Net: NetName=GPIO41 Pin=H2-6
Added Pin To Net: NetName=GPIO40 Pin=H2-7
Added Pin To Net: NetName=GPIO39 Pin=H2-8
Added Pin To Net: NetName=GPIO38 Pin=H2-9
Added Pin To Net: NetName=GPIO37 Pin=H2-10
Added Pin To Net: NetName=GPIO36 Pin=H2-11
Added Pin To Net: NetName=GPIO35 Pin=H2-12
Added Pin To Net: NetName=GPIO3 Pin=H3-1
Added Pin To Net: NetName=GPIO46 Pin=H3-2
Added Pin To Net: NetName=GPIO9 Pin=H3-3
Added Pin To Net: NetName=GPIO10 Pin=H3-4
Added Pin To Net: NetName=GPIO11 Pin=H3-5
Added Pin To Net: NetName=GPIO12 Pin=H3-6
Added Pin To Net: NetName=GPIO13 Pin=H3-7
Added Pin To Net: NetName=GPIO14 Pin=H3-8
Added Pin To Net: NetName=GPIO21 Pin=H3-9
Added Pin To Net: NetName=GPIO47 Pin=H3-10
Added Pin To Net: NetName=GPIO48 Pin=H3-11
Added Pin To Net: NetName=GPIO45 Pin=H3-12
Added Pin To Net: NetName=+3.3 Pin=H6-1
Added Pin To Net: NetName=+3.3 Pin=H6-2
Added Pin To Net: NetName=+3.3 Pin=H6-3
Added Pin To Net: NetName=+3.3 Pin=H6-4
Added Pin To Net: NetName=GND Pin=H7-1
Added Pin To Net: NetName=GND Pin=H7-2
Added Pin To Net: NetName=GND Pin=H7-3
Added Pin To Net: NetName=GND Pin=H7-4
Added Member To Class: ClassName=ESP32_LED_Matrix Member=Component H6 4-Pin Header
Added Member To Class: ClassName=ESP32_LED_Matrix Member=Component H7 4-Pin Header
