Removed Pin From Net: NetName=+3.3 Pin=U2-3
Removed Pin From Net: NetName=+3.3 Pin=U7-3
Change Component Designator: OldDesignator=R5 NewDesignator=R6
Change Component Designator: OldDesignator=R6 NewDesignator=R7
Change Component Designator: OldDesignator=R7 NewDesignator=R8
Change Component Designator: OldDesignator=R8 NewDesignator=R9
Change Component Designator: OldDesignator=R9 NewDesignator=R10
Change Component Designator: OldDesignator=R10 NewDesignator=R11
Change Component Designator: OldDesignator=R11 NewDesignator=R12
Change Component Designator: OldDesignator=R12 NewDesignator=R13
Change Component Designator: OldDesignator=R13 NewDesignator=R14
Change Component Designator: OldDesignator=R14 NewDesignator=R15
Change Component Designator: OldDesignator=R15 NewDesignator=R16
Change Component Designator: OldDesignator=R16 NewDesignator=R17
Change Component Designator: OldDesignator=R17 NewDesignator=R18
Change Component Designator: OldDesignator=R18 NewDesignator=R19
Change Component Designator: OldDesignator=R19 NewDesignator=R20
Change Component Designator: OldDesignator=R20 NewDesignator=R21
Change Component Designator: OldDesignator=R21 NewDesignator=R22
Change Component Designator: OldDesignator=R22 NewDesignator=R23
Change Component Designator: OldDesignator=R23 NewDesignator=R24
Change Component Designator: OldDesignator=R24 NewDesignator=R25
Change Component Designator: OldDesignator=R25 NewDesignator=R26
Change Component Designator: OldDesignator=R26 NewDesignator=R27
Change Component Designator: OldDesignator=R27 NewDesignator=R28
Change Component Designator: OldDesignator=R28 NewDesignator=R29
Change Component Designator: OldDesignator=R29 NewDesignator=R30
Change Component Designator: OldDesignator=R30 NewDesignator=R31
Change Component Designator: OldDesignator=R31 NewDesignator=R32
Added Component: Designator=R5(RESC0805)
Added Pin To Net: NetName=V_MCU Pin=R5-2
Change Net Name : Old Net Name=NetR30_1 New Net Name=NetR31_1
Change Net Name : Old Net Name=NetR30_2 New Net Name=NetR31_2
Added Pin To Net: NetName=EXT_SUPP_EN Pin=R5-1
Added Pin To Net: NetName=EXT_SUPP_EN Pin=U2-3
Added Pin To Net: NetName=EXT_SUPP_EN Pin=U7-3
Added Net: Name=EXT_SUPP_EN
Added Member To Class: ClassName=ESP32_LED_Matrix Member=Component H4 Header
Added Member To Class: ClassName=ESP32_LED_Matrix Member=Component R32 50k
Added Rule: Name=Schematic Supply Nets_7
Added Rule: Name=Schematic Supply Nets_8
Added Rule: Name=Schematic Supply Nets_9
